[01m[K/home/robotica/robotica_ws/src/esercizio2/Publisher/Publisher.cpp:[m[K In function â€˜[01m[Kint main(int, char**)[m[Kâ€™:
[01m[K/home/robotica/robotica_ws/src/esercizio2/Publisher/Publisher.cpp:8:5:[m[K [01;31m[Kerror: [m[Kâ€˜[01m[KEncoder[m[Kâ€™ was not declared in this scope
     [01;31m[KEncoder[m[K *enc[6];
     [01;31m[K^~~~~~~[m[K
[01m[K/home/robotica/robotica_ws/src/esercizio2/Publisher/Publisher.cpp:8:14:[m[K [01;31m[Kerror: [m[Kâ€˜[01m[Kenc[m[Kâ€™ was not declared in this scope
     Encoder *[01;31m[Kenc[m[K[6];
              [01;31m[K^~~[m[K
[01m[K/home/robotica/robotica_ws/src/esercizio2/Publisher/Publisher.cpp:20:24:[m[K [01;31m[Kerror: [m[Kexpected type-specifier before â€˜[01m[KEncoder[m[Kâ€™
             enc[i]=new [01;31m[KEncoder[m[K(type,0);
                        [01;31m[K^~~~~~~[m[K
[01m[K/home/robotica/robotica_ws/src/esercizio2/Publisher/Publisher.cpp:23:24:[m[K [01;31m[Kerror: [m[Kexpected type-specifier before â€˜[01m[KEncoder[m[Kâ€™
             enc[i]=new [01;31m[KEncoder[m[K(type,max_length);
                        [01;31m[K^~~~~~~[m[K
make[2]: *** [CMakeFiles/Publisher.dir/Publisher/Publisher.cpp.o] Error 1
make[1]: *** [CMakeFiles/Publisher.dir/all] Error 2
make[1]: *** Attesa per i processi non terminati....
make: *** [all] Error 2
