[01m[K/home/robotica/robotica_ws/src/esercizio2/Publisher/Publisher.cpp:8:5:[m[K [01;31m[Kerror: [m[Kâ€˜[01m[Kstring[m[Kâ€™ does not name a type; did you mean â€˜[01m[Kstdin[m[Kâ€™?
     [01;31m[Kstring[m[K encoder_name;
     [01;31m[K^~~~~~[m[K
     [32m[Kstdin[m[K
[01m[K/home/robotica/robotica_ws/src/esercizio2/Publisher/Publisher.cpp:25:27:[m[K [01;31m[Kerror: [m[Kâ€˜[01m[Kstring[m[Kâ€™ has not been declared
     void set_encoder_name([01;31m[Kstring[m[K encodername){
                           [01;31m[K^~~~~~[m[K
[01m[K/home/robotica/robotica_ws/src/esercizio2/Publisher/Publisher.cpp:31:5:[m[K [01;31m[Kerror: [m[Kâ€˜[01m[Kstring[m[Kâ€™ does not name a type; did you mean â€˜[01m[Kstdin[m[Kâ€™?
     [01;31m[Kstring[m[K get_encoder_name(void){
     [01;31m[K^~~~~~[m[K
     [32m[Kstdin[m[K
[01m[K/home/robotica/robotica_ws/src/esercizio2/Publisher/Publisher.cpp:43:5:[m[K [01;31m[Kerror: [m[Kâ€˜[01m[Kstring[m[Kâ€™ does not name a type; did you mean â€˜[01m[Kstdin[m[Kâ€™?
     [01;31m[Kstring[m[K to_string(void){
     [01;31m[K^~~~~~[m[K
     [32m[Kstdin[m[K
[01m[K/home/robotica/robotica_ws/src/esercizio2/Publisher/Publisher.cpp:[m[K In constructor â€˜[01m[KEncoder::Encoder()[m[Kâ€™:
[01m[K/home/robotica/robotica_ws/src/esercizio2/Publisher/Publisher.cpp:13:6:[m[K [01;31m[Kerror: [m[Kâ€˜[01m[Kencoder_name[m[Kâ€™ was not declared in this scope
      [01;31m[Kencoder_name[m[K="Enconder :"+encoder_id;
      [01;31m[K^~~~~~~~~~~~[m[K
[01m[K/home/robotica/robotica_ws/src/esercizio2/Publisher/Publisher.cpp:13:6:[m[K [01;36m[Knote: [m[Ksuggested alternative: â€˜[01m[Kset_encoder_name[m[Kâ€™
      [01;36m[Kencoder_name[m[K="Enconder :"+encoder_id;
      [01;36m[K^~~~~~~~~~~~[m[K
      [32m[Kset_encoder_name[m[K
[01m[K/home/robotica/robotica_ws/src/esercizio2/Publisher/Publisher.cpp:[m[K In member function â€˜[01m[Kvoid Encoder::set_encoder_name(int)[m[Kâ€™:
[01m[K/home/robotica/robotica_ws/src/esercizio2/Publisher/Publisher.cpp:26:2:[m[K [01;31m[Kerror: [m[Kâ€˜[01m[Kencoder_name[m[Kâ€™ was not declared in this scope
  [01;31m[Kencoder_name[m[K=encodername;
  [01;31m[K^~~~~~~~~~~~[m[K
[01m[K/home/robotica/robotica_ws/src/esercizio2/Publisher/Publisher.cpp:26:2:[m[K [01;36m[Knote: [m[Ksuggested alternative: â€˜[01m[Kencodername[m[Kâ€™
  [01;36m[Kencoder_name[m[K=encodername;
  [01;36m[K^~~~~~~~~~~~[m[K
  [32m[Kencodername[m[K
[01m[K/home/robotica/robotica_ws/src/esercizio2/Publisher/Publisher.cpp:[m[K In function â€˜[01m[Kint main(int, char**)[m[Kâ€™:
[01m[K/home/robotica/robotica_ws/src/esercizio2/Publisher/Publisher.cpp:77:39:[m[K [01;31m[Kerror: [m[Kâ€˜[01m[Kclass Encoder[m[Kâ€™ has no member named â€˜[01m[Kto_string[m[Kâ€™
          message.data=enc[enc_number].[01;31m[Kto_string[m[K();
                                       [01;31m[K^~~~~~~~~[m[K
make[2]: *** [CMakeFiles/Publisher.dir/Publisher/Publisher.cpp.o] Error 1
make[1]: *** [CMakeFiles/Publisher.dir/all] Error 2
make: *** [all] Error 2
