In file included from [01m[K/home/robotica/robotica_ws/src/esercizio2/Publisher/Publisher.cpp:3:0[m[K:
[01m[K/home/robotica/robotica_ws/src/esercizio2/Publisher/Encoder.h:7:1:[m[K [01;31m[Kerror: [m[Kexpected unqualified-id before â€˜[01m[K{[m[Kâ€™ token
 [01;31m[K{[m[K
 [01;31m[K^[m[K
[01m[K/home/robotica/robotica_ws/src/esercizio2/Publisher/Publisher.cpp:[m[K In function â€˜[01m[Kint main(int, char**)[m[Kâ€™:
[01m[K/home/robotica/robotica_ws/src/esercizio2/Publisher/Publisher.cpp:7:5:[m[K [01;31m[Kerror: [m[Kâ€˜[01m[KEncoder[m[Kâ€™ was not declared in this scope
     [01;31m[KEncoder[m[K enc[6];
     [01;31m[K^~~~~~~[m[K
[01m[K/home/robotica/robotica_ws/src/esercizio2/Publisher/Publisher.cpp:7:5:[m[K [01;36m[Knote: [m[Ksuggested alternative: â€˜[01m[KEncoder_H[m[Kâ€™
     [01;36m[KEncoder[m[K enc[6];
     [01;36m[K^~~~~~~[m[K
     [32m[KEncoder_H[m[K
[01m[K/home/robotica/robotica_ws/src/esercizio2/Publisher/Publisher.cpp:19:13:[m[K [01;31m[Kerror: [m[Kâ€˜[01m[Kenc[m[Kâ€™ was not declared in this scope
             [01;31m[Kenc[m[K[i].set_type_joint(type,0);
             [01;31m[K^~~[m[K
[01m[K/home/robotica/robotica_ws/src/esercizio2/Publisher/Publisher.cpp:22:13:[m[K [01;31m[Kerror: [m[Kâ€˜[01m[Kenc[m[Kâ€™ was not declared in this scope
             [01;31m[Kenc[m[K[i].set_type_joint(type,max_length);
             [01;31m[K^~~[m[K
[01m[K/home/robotica/robotica_ws/src/esercizio2/Publisher/Publisher.cpp:28:23:[m[K [01;31m[Kerror: [m[Kâ€˜[01m[Kenc[m[Kâ€™ was not declared in this scope
          message.data=[01;31m[Kenc[m[K[enc_number].to_string();
                       [01;31m[K^~~[m[K
In file included from [01m[K/home/robotica/robotica_ws/src/esercizio2/Publisher/Publisher.cpp:3:0[m[K:
[01m[K/home/robotica/robotica_ws/src/esercizio2/Publisher/Encoder.h:7:1:[m[K [01;31m[Kerror: [m[Kexpected unqualified-id before â€˜[01m[K{[m[Kâ€™ token
 [01;31m[K{[m[K
 [01;31m[K^[m[K
[01m[K/home/robotica/robotica_ws/src/esercizio2/Publisher/Publisher.cpp:[m[K In function â€˜[01m[Kint main(int, char**)[m[Kâ€™:
[01m[K/home/robotica/robotica_ws/src/esercizio2/Publisher/Publisher.cpp:7:5:[m[K [01;31m[Kerror: [m[Kâ€˜[01m[KEncoder[m[Kâ€™ was not declared in this scope
     [01;31m[KEncoder[m[K enc[6];
     [01;31m[K^~~~~~~[m[K
[01m[K/home/robotica/robotica_ws/src/esercizio2/Publisher/Publisher.cpp:7:5:[m[K [01;36m[Knote: [m[Ksuggested alternative: â€˜[01m[KEncoder_H[m[Kâ€™
     [01;36m[KEncoder[m[K enc[6];
     [01;36m[K^~~~~~~[m[K
     [32m[KEncoder_H[m[K
[01m[K/home/robotica/robotica_ws/src/esercizio2/Publisher/Publisher.cpp:19:13:[m[K [01;31m[Kerror: [m[Kâ€˜[01m[Kenc[m[Kâ€™ was not declared in this scope
             [01;31m[Kenc[m[K[i].set_type_joint(type,0);
             [01;31m[K^~~[m[K
[01m[K/home/robotica/robotica_ws/src/esercizio2/Publisher/Publisher.cpp:22:13:[m[K [01;31m[Kerror: [m[Kâ€˜[01m[Kenc[m[Kâ€™ was not declared in this scope
             [01;31m[Kenc[m[K[i].set_type_joint(type,max_length);
             [01;31m[K^~~[m[K
[01m[K/home/robotica/robotica_ws/src/esercizio2/Publisher/Publisher.cpp:28:23:[m[K [01;31m[Kerror: [m[Kâ€˜[01m[Kenc[m[Kâ€™ was not declared in this scope
          message.data=[01;31m[Kenc[m[K[enc_number].to_string();
                       [01;31m[K^~~[m[K
make[2]: *** [CMakeFiles/Encoder.dir/Publisher/Publisher.cpp.o] Error 1
make[1]: *** [CMakeFiles/Encoder.dir/all] Error 2
make[1]: *** Attesa per i processi non terminati....
make[2]: *** [CMakeFiles/Publisher.dir/Publisher/Publisher.cpp.o] Error 1
make[1]: *** [CMakeFiles/Publisher.dir/all] Error 2
make: *** [all] Error 2
