[01m[K/home/robotica/robotica_ws/src/esercizio2/Publisher/Encoder.cpp:7:1:[m[K [01;31m[Kerror: [m[Kexpected â€˜[01m[K;[m[Kâ€™ before â€˜[01m[Kclass[m[Kâ€™
 [01;31m[Kclass[m[K Encoder{
 [01;31m[K^~~~~[m[K
make[2]: *** [CMakeFiles/Encoder.dir/Publisher/Encoder.cpp.o] Error 1
make[1]: *** [CMakeFiles/Encoder.dir/all] Error 2
make[1]: *** Attesa per i processi non terminati....
[01m[K/home/robotica/robotica_ws/src/esercizio2/Publisher/Publisher.cpp:6:1:[m[K [01;31m[Kerror: [m[Kexpected â€˜[01m[K;[m[Kâ€™ before â€˜[01m[Kint[m[Kâ€™
 [01;31m[Kint[m[K main(int argc, char** argv) {
 [01;31m[K^~~[m[K
make[2]: *** [CMakeFiles/Publisher.dir/Publisher/Publisher.cpp.o] Error 1
make[1]: *** [CMakeFiles/Publisher.dir/all] Error 2
make: *** [all] Error 2
